<?xml version="1.0" encoding="UTF-8"?>
<robot generator="Robot 4.1.1 (Python 3.6.5 on win32)" generated="20211010 22:16:51.108" rpa="false" schemaversion="2">
<suite id="s1" name="Amazon" source="C:\develop\robot\ödev\tests\amazon.robot">
<test id="s1-t1" name="Should be able to">
<kw name="Open Browser" library="Selenium2Library">
<arg>https://www.amazon.com.tr/</arg>
<arg>chrome</arg>
<doc>Opens a new browser instance to the optional ``url``.</doc>
<msg timestamp="20211010 22:16:51.445" level="INFO">Opening browser 'chrome' to base url 'https://www.amazon.com.tr/'.</msg>
<status status="PASS" starttime="20211010 22:16:51.445" endtime="20211010 22:16:54.487"/>
</kw>
<kw name="Maximize Browser Window" library="Selenium2Library">
<doc>Maximizes current browser window.</doc>
<status status="PASS" starttime="20211010 22:16:54.488" endtime="20211010 22:16:54.627"/>
</kw>
<kw name="Wait Until Element Is Visible" library="Selenium2Library">
<arg>id=nav-logo-sprites</arg>
<doc>Waits until the element ``locator`` is visible.</doc>
<status status="PASS" starttime="20211010 22:16:54.628" endtime="20211010 22:16:54.706"/>
</kw>
<kw name="Click Element" library="Selenium2Library">
<arg>xpath=//*[@id="nav-xshop"]/a[3]</arg>
<doc>Click the element identified by ``locator``.</doc>
<msg timestamp="20211010 22:16:54.707" level="INFO">Clicking element 'xpath=//*[@id="nav-xshop"]/a[3]'.</msg>
<status status="PASS" starttime="20211010 22:16:54.707" endtime="20211010 22:16:55.780"/>
</kw>
<kw name="Wait Until Page Contains" library="Selenium2Library">
<arg>Moda</arg>
<doc>Waits until ``text`` appears on the current page.</doc>
<status status="PASS" starttime="20211010 22:16:55.782" endtime="20211010 22:16:55.803"/>
</kw>
<kw name="Click Element" library="Selenium2Library">
<arg>id=twotabsearchtextbox</arg>
<doc>Click the element identified by ``locator``.</doc>
<msg timestamp="20211010 22:16:55.804" level="INFO">Clicking element 'id=twotabsearchtextbox'.</msg>
<status status="PASS" starttime="20211010 22:16:55.803" endtime="20211010 22:16:55.862"/>
</kw>
<kw name="Input Text" library="Selenium2Library">
<arg>id=twotabsearchtextbox</arg>
<arg>jean pantolon kadın</arg>
<doc>Types the given ``text`` into the text field identified by ``locator``.</doc>
<msg timestamp="20211010 22:16:55.863" level="INFO">Typing text 'jean pantolon kadın' into text field 'id=twotabsearchtextbox'.</msg>
<status status="PASS" starttime="20211010 22:16:55.863" endtime="20211010 22:16:55.967"/>
</kw>
<kw name="Click Element" library="Selenium2Library">
<arg>id=nav-search-submit-button</arg>
<doc>Click the element identified by ``locator``.</doc>
<msg timestamp="20211010 22:16:55.968" level="INFO">Clicking element 'id=nav-search-submit-button'.</msg>
<status status="PASS" starttime="20211010 22:16:55.967" endtime="20211010 22:16:57.502"/>
</kw>
<kw name="Wait Until Page Contains" library="Selenium2Library">
<arg>Aranan ürün: "jean pantolon kadın"</arg>
<doc>Waits until ``text`` appears on the current page.</doc>
<status status="PASS" starttime="20211010 22:16:57.503" endtime="20211010 22:16:57.526"/>
</kw>
<kw name="Click Element" library="Selenium2Library">
<arg>xpath=//*[@id="search"]/div[1]/div[1]/div/span[3]/div[2]/div[2]/div/span/div/div/div[2]/div/span/a/div</arg>
<doc>Click the element identified by ``locator``.</doc>
<msg timestamp="20211010 22:16:57.528" level="INFO">Clicking element 'xpath=//*[@id="search"]/div[1]/div[1]/div/span[3]/div[2]/div[2]/div/span/div/div/div[2]/div/span/a/div'.</msg>
<status status="PASS" starttime="20211010 22:16:57.527" endtime="20211010 22:16:59.717"/>
</kw>
<kw name="Wait Until Page Contains" library="Selenium2Library">
<arg>DeFacto Paperbag Jean Pantolon Kot Pantolon Kadın</arg>
<doc>Waits until ``text`` appears on the current page.</doc>
<status status="PASS" starttime="20211010 22:16:59.718" endtime="20211010 22:16:59.747"/>
</kw>
<kw name="Click Element" library="Selenium2Library">
<arg>id=add-to-cart-button</arg>
<doc>Click the element identified by ``locator``.</doc>
<msg timestamp="20211010 22:16:59.748" level="INFO">Clicking element 'id=add-to-cart-button'.</msg>
<status status="PASS" starttime="20211010 22:16:59.748" endtime="20211010 22:17:01.564"/>
</kw>
<kw name="Wait Until Page Contains" library="Selenium2Library">
<arg>Sepete Eklendi</arg>
<doc>Waits until ``text`` appears on the current page.</doc>
<status status="PASS" starttime="20211010 22:17:01.565" endtime="20211010 22:17:01.587"/>
</kw>
<kw name="Click Element" library="Selenium2Library">
<arg>id=hlb-ptc-btn-native</arg>
<doc>Click the element identified by ``locator``.</doc>
<msg timestamp="20211010 22:17:01.589" level="INFO">Clicking element 'id=hlb-ptc-btn-native'.</msg>
<status status="PASS" starttime="20211010 22:17:01.588" endtime="20211010 22:17:02.302"/>
</kw>
<kw name="Wait Until Page Contains" library="Selenium2Library">
<arg>Giriş yap</arg>
<doc>Waits until ``text`` appears on the current page.</doc>
<status status="PASS" starttime="20211010 22:17:02.303" endtime="20211010 22:17:02.318"/>
</kw>
<kw name="Sleep" library="BuiltIn">
<arg>2s</arg>
<doc>Pauses the test executed for the given time.</doc>
<msg timestamp="20211010 22:17:04.324" level="INFO">Slept 2 seconds</msg>
<status status="PASS" starttime="20211010 22:17:02.319" endtime="20211010 22:17:04.324"/>
</kw>
<kw name="Close Browser" library="Selenium2Library">
<doc>Closes the current browser.</doc>
<status status="PASS" starttime="20211010 22:17:04.325" endtime="20211010 22:17:06.579"/>
</kw>
<status status="PASS" starttime="20211010 22:16:51.442" endtime="20211010 22:17:06.581"/>
</test>
<status status="PASS" starttime="20211010 22:16:51.110" endtime="20211010 22:17:06.584"/>
</suite>
<statistics>
<total>
<stat pass="1" fail="0" skip="0">All Tests</stat>
</total>
<tag>
</tag>
<suite>
<stat pass="1" fail="0" skip="0" id="s1" name="Amazon">Amazon</stat>
</suite>
</statistics>
<errors>
</errors>
</robot>
